Starting project at C:\Users\Greys Pardo\Documents\proyectos\perfumes
Starting Metro Bundler
warning: Bundler cache is empty, rebuilding (this may take a minute)
Waiting on http://localhost:8081
Logs for your project will appear below.
iOS .\index.js ░░░░░░░░░░░░░░░░  0.0% (0/1)
iOS .\index.js ░░░░░░░░░░░░░░░░  1.0% (1/1)
iOS .\index.js ▓▓░░░░░░░░░░░░░░ 14.1% ( 9/27)
iOS .\index.js ▓▓░░░░░░░░░░░░░░ 14.1% ( 14/117)
iOS .\index.js ▓▓░░░░░░░░░░░░░░ 14.1% ( 34/158)
iOS .\index.js ▓▓░░░░░░░░░░░░░░ 14.1% ( 46/207)
iOS .\index.js ▓▓░░░░░░░░░░░░░░ 14.1% ( 85/250)
iOS .\index.js ▓▓▓▓▓▓░░░░░░░░░░ 38.1% (246/403)
iOS .\index.js ▓▓▓▓▓▓▓░░░░░░░░░ 46.1% (335/500)
iOS .\index.js ▓▓▓▓▓▓▓▓▓▓▓░░░░░ 70.7% (484/604)
iOS .\index.js ▓▓▓▓▓▓▓▓▓▓▓░░░░░ 74.0% (568/673)
iOS .\index.js ▓▓▓▓▓▓▓▓▓▓▓▓░░░░ 75.3% (632/792)
iOS .\index.js ▓▓▓▓▓▓▓▓▓▓▓▓░░░░ 78.0% (727/825)
iOS .\index.js ▓▓▓▓▓▓▓▓▓▓▓▓▓░░░ 86.1% (825/889)
iOS .\index.js ▓▓▓▓▓▓▓▓▓▓▓▓▓▓▓░ 97.4% (905/923)
iOS .\index.js ▓▓▓▓▓▓▓▓▓▓▓▓▓▓▓░ 99.6% (974/976)
iOS .\index.js ▓▓▓▓▓▓▓▓▓▓▓▓▓▓▓░ 99.8% (975/976)
iOS .\index.js ▓▓▓▓▓▓▓▓▓▓▓▓▓▓▓░ 99.8% (985/986)
iOS .\index.js ▓▓▓▓▓▓▓▓▓▓▓▓▓▓▓░ 99.9% (986/986)
iOS Bundled 72342ms index.js (986 modules)
